<?xml version="1.0" encoding="UTF-8"?>
<!-- Generated by org.testng.reporters.JUnitXMLReporter -->
<testsuite hostname="User-PC" ignored="0" name="Test" tests="36" failures="1" timestamp="2021-12-05T22:43:22 IST" time="571.394" errors="0">
  <testcase name="ValidetUrl" time="0.074" classname="com.Test.LoginTest"/>
  <testcase name="PasswordError" time="2.204" classname="com.Test.LoginTest"/>
  <testcase name="mailError" time="1.248" classname="com.Test.LoginTest"/>
  <testcase name="Checkmailbox" time="0.549" classname="com.Test.LoginTest"/>
  <testcase name="Checkblankmail" time="0.53" classname="com.Test.LoginTest"/>
  <testcase name="validateImage" time="0.118" classname="com.Test.LoginTest"/>
  <testcase name="CheckHeading" time="0.055" classname="com.Test.LoginTest"/>
  <testcase name="checkRegistrationLink" time="0.928" classname="com.Test.LoginTest"/>
  <testcase name="test10" time="2.576" classname="com.Test.LoginTest"/>
  <testcase name="VerifyuserpageColumn" time="0.248" classname="com.Test.AddUserTest"/>
  <testcase name="VerifySideBar" time="0.03" classname="com.Test.AddUserTest"/>
  <testcase name="CheckURL" time="0.008" classname="com.Test.AddUserTest"/>
  <testcase name="VerifyHeading" time="0.038" classname="com.Test.AddUserTest"/>
  <testcase name="VerifySubmitButton" time="0.077" classname="com.Test.AddUserTest"/>
  <testcase name="validateTitleAfterClickOnCancle" time="0.237" classname="com.Test.AddUserTest"/>
  <testcase name="VerifyAlertAfterAddUser" time="1.066" classname="com.Test.AddUserTest">
    <failure type="org.openqa.selenium.ElementNotInteractableException" message="element not interactable
  (Session info: chrome=92.0.4515.159)
Build info: version: &amp;apos;3.141.59&amp;apos;, revision: &amp;apos;e82be7d358&amp;apos;, time: &amp;apos;2018-11-14T08:17:03&amp;apos;
System info: host: &amp;apos;USER-PC&amp;apos;, ip: &amp;apos;192.168.0.102&amp;apos;, os.name: &amp;apos;Windows 7&amp;apos;, os.arch: &amp;apos;amd64&amp;apos;, os.version: &amp;apos;6.1&amp;apos;, java.version: &amp;apos;1.8.0_144&amp;apos;
Driver info: org.openqa.selenium.chrome.ChromeDriver
Capabilities {acceptInsecureCerts: false, browserName: chrome, browserVersion: 92.0.4515.159, chrome: {chromedriverVersion: 92.0.4515.107 (87a818b10553..., userDataDir: C:\Users\User\AppData\Local...}, goog:chromeOptions: {debuggerAddress: localhost:52575}, javascriptEnabled: true, networkConnectionEnabled: false, pageLoadStrategy: normal, platform: WINDOWS, platformName: WINDOWS, proxy: Proxy(), setWindowRect: true, strictFileInteractability: false, timeouts: {implicit: 0, pageLoad: 300000, script: 30000}, unhandledPromptBehavior: dismiss and notify, webauthn:extension:credBlob: true, webauthn:extension:largeBlob: true, webauthn:virtualAuthenticators: true}
Session ID: dbd0970616c6e5ad0027e0f2ecb1fc0a">
      <![CDATA[org.openqa.selenium.ElementNotInteractableException: element not interactable
  (Session info: chrome=92.0.4515.159)
Build info: version: '3.141.59', revision: 'e82be7d358', time: '2018-11-14T08:17:03'
System info: host: 'USER-PC', ip: '192.168.0.102', os.name: 'Windows 7', os.arch: 'amd64', os.version: '6.1', java.version: '1.8.0_144'
Driver info: org.openqa.selenium.chrome.ChromeDriver
Capabilities {acceptInsecureCerts: false, browserName: chrome, browserVersion: 92.0.4515.159, chrome: {chromedriverVersion: 92.0.4515.107 (87a818b10553..., userDataDir: C:\Users\User\AppData\Local...}, goog:chromeOptions: {debuggerAddress: localhost:52575}, javascriptEnabled: true, networkConnectionEnabled: false, pageLoadStrategy: normal, platform: WINDOWS, platformName: WINDOWS, proxy: Proxy(), setWindowRect: true, strictFileInteractability: false, timeouts: {implicit: 0, pageLoad: 300000, script: 30000}, unhandledPromptBehavior: dismiss and notify, webauthn:extension:credBlob: true, webauthn:extension:largeBlob: true, webauthn:virtualAuthenticators: true}
Session ID: dbd0970616c6e5ad0027e0f2ecb1fc0a
at org.openqa.selenium.remote.http.W3CHttpResponseCodec.createException(W3CHttpResponseCodec.java:187)
at org.openqa.selenium.remote.http.W3CHttpResponseCodec.decode(W3CHttpResponseCodec.java:122)
at org.openqa.selenium.remote.http.W3CHttpResponseCodec.decode(W3CHttpResponseCodec.java:49)
at org.openqa.selenium.remote.HttpCommandExecutor.execute(HttpCommandExecutor.java:158)
at org.openqa.selenium.remote.service.DriverCommandExecutor.execute(DriverCommandExecutor.java:83)
at org.openqa.selenium.remote.RemoteWebDriver.execute(RemoteWebDriver.java:552)
at org.openqa.selenium.remote.RemoteWebElement.execute(RemoteWebElement.java:285)
at org.openqa.selenium.remote.RemoteWebElement.sendKeys(RemoteWebElement.java:106)
at org.openqa.selenium.support.pagefactory.internal.LocatingElementHandler.invoke(LocatingElementHandler.java:51)
at com.sun.proxy.$Proxy9.sendKeys(Unknown Source)
at com.Pages.AddUserPage.adduserdata(AddUserPage.java:83)
at com.Test.AddUserTest.VerifyAlertAfterAddUser(AddUserTest.java:71)
at java.util.ArrayList.forEach(ArrayList.java:1249)
... Removed 34 stack frames]]>
    </failure>
  </testcase> <!-- VerifyAlertAfterAddUser -->
  <testcase name="CheckTotalinnerBox" time="0.019" classname="com.Test.DashBoardTest"/>
  <testcase name="ValidDashboardPage" time="0.034" classname="com.Test.DashBoardTest"/>
  <testcase name="CheckTotalCourses" time="0.075" classname="com.Test.DashBoardTest"/>
  <testcase name="TotalMoreInfoLink" time="0.02" classname="com.Test.DashBoardTest"/>
  <testcase name="WindowHandeling" time="19.007" classname="com.Test.DashBoardTest"/>
  <testcase name="NoOfIcons" time="0.016" classname="com.Test.DashBoardTest"/>
  <testcase name="checkUsersLinkMenu" time="1.906" classname="com.Test.DashBoardTest"/>
  <testcase name="checkOperatorsLinkMenu" time="0.551" classname="com.Test.DashBoardTest"/>
  <testcase name="checkDownloadsLinkMenu" time="1.108" classname="com.Test.DashBoardTest"/>
  <testcase name="checkLogoutLinkMenu" time="0.337" classname="com.Test.DashBoardTest"/>
  <testcase name="Verify32bitusers" time="0.471" classname="com.Test.DownloadsPageTest"/>
  <testcase name="checkAlreadyMembershipLink" time="0.245" classname="com.Test.RegistrationPageTest"/>
  <testcase name="FillRegistrationForm" time="2.126" classname="com.Test.RegistrationPageTest"/>
  <testcase name="VerifyHeading" time="0.036" classname="com.Test.UserTest"/>
  <testcase name="CheckColumnTitle" time="0.152" classname="com.Test.UserTest"/>
  <testcase name="CorrectStateSelected" time="0.035" classname="com.Test.UserTest"/>
  <testcase name="CheckAlertHandle" time="3.6" classname="com.Test.UserTest"/>
  <testcase name="ListTitle" time="0.044" classname="com.Test.UserTest"/>
  <testcase name="VerifyMobileNo" time="0.386" classname="com.Test.UserTest"/>
  <testcase name="clickAddUserPage" time="0.701" classname="com.Test.UserTest"/>
</testsuite> <!-- Test -->
