<html>
<head>
<title>TestNG:  Test</title>
<link href="../testng.css" rel="stylesheet" type="text/css" />
<link href="../my-testng.css" rel="stylesheet" type="text/css" />

<style type="text/css">
.log { display: none;} 
.stack-trace { display: none;} 
</style>
<script type="text/javascript">
<!--
function flip(e) {
  current = e.style.display;
  if (current == 'block') {
    e.style.display = 'none';
    return 0;
  }
  else {
    e.style.display = 'block';
    return 1;
  }
}

function toggleBox(szDivId, elem, msg1, msg2)
{
  var res = -1;  if (document.getElementById) {
    res = flip(document.getElementById(szDivId));
  }
  else if (document.all) {
    // this is the way old msie versions work
    res = flip(document.all[szDivId]);
  }
  if(elem) {
    if(res == 0) elem.innerHTML = msg1; else elem.innerHTML = msg2;
  }

}

function toggleAllBoxes() {
  if (document.getElementsByTagName) {
    d = document.getElementsByTagName('div');
    for (i = 0; i < d.length; i++) {
      if (d[i].className == 'log') {
        flip(d[i]);
      }
    }
  }
}

// -->
</script>

</head>
<body>
<h2 align='center'>Test</h2><table border='1' align="center">
<tr>
<td>Tests passed/Failed/Skipped:</td><td>35/1/0</td>
</tr><tr>
<td>Started on:</td><td>Tue Dec 07 13:18:27 IST 2021</td>
</tr>
<tr><td>Total time:</td><td>243 seconds (243028 ms)</td>
</tr><tr>
<td>Included groups:</td><td></td>
</tr><tr>
<td>Excluded groups:</td><td></td>
</tr>
</table><p/>
<small><i>(Hover the method name to see the test class name)</i></small><p/>
<table width='100%' border='1' class='invocation-failed'>
<tr><td colspan='4' align='center'><b>FAILED TESTS</b></td></tr>
<tr><td><b>Test method</b></td>
<td width="30%"><b>Exception</b></td>
<td width="10%"><b>Time (seconds)</b></td>
<td><b>Instance</b></td>
</tr>
<tr>
<td title='com.Test.AddUserTest.VerifyAlertAfterAddUser()'><b>VerifyAlertAfterAddUser</b><br>Test class: com.Test.AddUserTest</td>
<td><div><pre>org.openqa.selenium.ElementNotInteractableException: element not interactable
  (Session info: chrome=92.0.4515.159)
Build info: version: &apos;3.141.59&apos;, revision: &apos;e82be7d358&apos;, time: &apos;2018-11-14T08:17:03&apos;
System info: host: &apos;USER-PC&apos;, ip: &apos;192.168.0.102&apos;, os.name: &apos;Windows 7&apos;, os.arch: &apos;amd64&apos;, os.version: &apos;6.1&apos;, java.version: &apos;16.0.2&apos;
Driver info: org.openqa.selenium.chrome.ChromeDriver
Capabilities {acceptInsecureCerts: false, browserName: chrome, browserVersion: 92.0.4515.159, chrome: {chromedriverVersion: 92.0.4515.107 (87a818b10553..., userDataDir: C:\Users\User\AppData\Local...}, goog:chromeOptions: {debuggerAddress: localhost:64736}, javascriptEnabled: true, networkConnectionEnabled: false, pageLoadStrategy: normal, platform: WINDOWS, platformName: WINDOWS, proxy: Proxy(), setWindowRect: true, strictFileInteractability: false, timeouts: {implicit: 0, pageLoad: 300000, script: 30000}, unhandledPromptBehavior: dismiss and notify, webauthn:extension:credBlob: true, webauthn:extension:largeBlob: true, webauthn:virtualAuthenticators: true}
Session ID: 1662aab48320fb58fee0e060194d3477
	at org.openqa.selenium.remote.http.W3CHttpResponseCodec.createException(W3CHttpResponseCodec.java:187)
	at org.openqa.selenium.remote.http.W3CHttpResponseCodec.decode(W3CHttpResponseCodec.java:122)
	at org.openqa.selenium.remote.http.W3CHttpResponseCodec.decode(W3CHttpResponseCodec.java:49)
	at org.openqa.selenium.remote.HttpCommandExecutor.execute(HttpCommandExecutor.java:158)
	at org.openqa.selenium.remote.service.DriverCommandExecutor.execute(DriverCommandExecutor.java:83)
	at org.openqa.selenium.remote.RemoteWebDriver.execute(RemoteWebDriver.java:552)
	at org.openqa.selenium.remote.RemoteWebElement.execute(RemoteWebElement.java:285)
	at org.openqa.selenium.remote.RemoteWebElement.sendKeys(RemoteWebElement.java:106)
	at org.openqa.selenium.support.pagefactory.internal.LocatingElementHandler.invoke(LocatingElementHandler.java:51)
	at jdk.proxy2/jdk.proxy2.$Proxy13.sendKeys(Unknown Source)
	at com.Pages.AddUserPage.adduserdata(AddUserPage.java:83)
	at com.Test.AddUserTest.VerifyAlertAfterAddUser(AddUserTest.java:71)
	at java.base/java.util.ArrayList.forEach(ArrayList.java:1511)
... Removed 35 stack frames</pre></div><a href='#' onClick='toggleBox("stack-trace413177525", this, "Click to show all stack frames", "Click to hide stack frames")'>Click to show all stack frames</a>
<div class='stack-trace' id='stack-trace413177525'><pre>org.openqa.selenium.ElementNotInteractableException: element not interactable
  (Session info: chrome=92.0.4515.159)
Build info: version: &apos;3.141.59&apos;, revision: &apos;e82be7d358&apos;, time: &apos;2018-11-14T08:17:03&apos;
System info: host: &apos;USER-PC&apos;, ip: &apos;192.168.0.102&apos;, os.name: &apos;Windows 7&apos;, os.arch: &apos;amd64&apos;, os.version: &apos;6.1&apos;, java.version: &apos;16.0.2&apos;
Driver info: org.openqa.selenium.chrome.ChromeDriver
Capabilities {acceptInsecureCerts: false, browserName: chrome, browserVersion: 92.0.4515.159, chrome: {chromedriverVersion: 92.0.4515.107 (87a818b10553..., userDataDir: C:\Users\User\AppData\Local...}, goog:chromeOptions: {debuggerAddress: localhost:64736}, javascriptEnabled: true, networkConnectionEnabled: false, pageLoadStrategy: normal, platform: WINDOWS, platformName: WINDOWS, proxy: Proxy(), setWindowRect: true, strictFileInteractability: false, timeouts: {implicit: 0, pageLoad: 300000, script: 30000}, unhandledPromptBehavior: dismiss and notify, webauthn:extension:credBlob: true, webauthn:extension:largeBlob: true, webauthn:virtualAuthenticators: true}
Session ID: 1662aab48320fb58fee0e060194d3477
	at java.base/jdk.internal.reflect.NativeConstructorAccessorImpl.newInstance0(Native Method)
	at java.base/jdk.internal.reflect.NativeConstructorAccessorImpl.newInstance(NativeConstructorAccessorImpl.java:78)
	at java.base/jdk.internal.reflect.DelegatingConstructorAccessorImpl.newInstance(DelegatingConstructorAccessorImpl.java:45)
	at java.base/java.lang.reflect.Constructor.newInstanceWithCaller(Constructor.java:499)
	at java.base/java.lang.reflect.Constructor.newInstance(Constructor.java:480)
	at org.openqa.selenium.remote.http.W3CHttpResponseCodec.createException(W3CHttpResponseCodec.java:187)
	at org.openqa.selenium.remote.http.W3CHttpResponseCodec.decode(W3CHttpResponseCodec.java:122)
	at org.openqa.selenium.remote.http.W3CHttpResponseCodec.decode(W3CHttpResponseCodec.java:49)
	at org.openqa.selenium.remote.HttpCommandExecutor.execute(HttpCommandExecutor.java:158)
	at org.openqa.selenium.remote.service.DriverCommandExecutor.execute(DriverCommandExecutor.java:83)
	at org.openqa.selenium.remote.RemoteWebDriver.execute(RemoteWebDriver.java:552)
	at org.openqa.selenium.remote.RemoteWebElement.execute(RemoteWebElement.java:285)
	at org.openqa.selenium.remote.RemoteWebElement.sendKeys(RemoteWebElement.java:106)
	at jdk.internal.reflect.GeneratedMethodAccessor7.invoke(Unknown Source)
	at java.base/jdk.internal.reflect.DelegatingMethodAccessorImpl.invoke(DelegatingMethodAccessorImpl.java:43)
	at java.base/java.lang.reflect.Method.invoke(Method.java:567)
	at org.openqa.selenium.support.pagefactory.internal.LocatingElementHandler.invoke(LocatingElementHandler.java:51)
	at jdk.proxy2/jdk.proxy2.$Proxy13.sendKeys(Unknown Source)
	at com.Pages.AddUserPage.adduserdata(AddUserPage.java:83)
	at com.Test.AddUserTest.VerifyAlertAfterAddUser(AddUserTest.java:71)
	at java.base/jdk.internal.reflect.NativeMethodAccessorImpl.invoke0(Native Method)
	at java.base/jdk.internal.reflect.NativeMethodAccessorImpl.invoke(NativeMethodAccessorImpl.java:78)
	at java.base/jdk.internal.reflect.DelegatingMethodAccessorImpl.invoke(DelegatingMethodAccessorImpl.java:43)
	at java.base/java.lang.reflect.Method.invoke(Method.java:567)
	at org.testng.internal.MethodInvocationHelper.invokeMethod(MethodInvocationHelper.java:133)
	at org.testng.internal.TestInvoker.invokeMethod(TestInvoker.java:598)
	at org.testng.internal.TestInvoker.invokeTestMethod(TestInvoker.java:173)
	at org.testng.internal.MethodRunner.runInSequence(MethodRunner.java:46)
	at org.testng.internal.TestInvoker$MethodInvocationAgent.invoke(TestInvoker.java:824)
	at org.testng.internal.TestInvoker.invokeTestMethods(TestInvoker.java:146)
	at org.testng.internal.TestMethodWorker.invokeTestMethods(TestMethodWorker.java:146)
	at org.testng.internal.TestMethodWorker.run(TestMethodWorker.java:128)
	at java.base/java.util.ArrayList.forEach(ArrayList.java:1511)
	at org.testng.TestRunner.privateRun(TestRunner.java:794)
	at org.testng.TestRunner.run(TestRunner.java:596)
	at org.testng.SuiteRunner.runTest(SuiteRunner.java:377)
	at org.testng.SuiteRunner.runSequentially(SuiteRunner.java:371)
	at org.testng.SuiteRunner.privateRun(SuiteRunner.java:332)
	at org.testng.SuiteRunner.run(SuiteRunner.java:276)
	at org.testng.SuiteRunnerWorker.runSuite(SuiteRunnerWorker.java:53)
	at org.testng.SuiteRunnerWorker.run(SuiteRunnerWorker.java:96)
	at org.testng.TestNG.runSuitesSequentially(TestNG.java:1212)
	at org.testng.TestNG.runSuitesLocally(TestNG.java:1134)
	at org.testng.TestNG.runSuites(TestNG.java:1063)
	at org.testng.TestNG.run(TestNG.java:1031)
	at org.testng.remote.AbstractRemoteTestNG.run(AbstractRemoteTestNG.java:115)
	at org.testng.remote.RemoteTestNG.initAndRun(RemoteTestNG.java:251)
	at org.testng.remote.RemoteTestNG.main(RemoteTestNG.java:77)
</pre></div></td>
<td>1</td>
<td>com.Test.AddUserTest@1972e513</td></tr>
</table><p>
<table width='100%' border='1' class='invocation-passed'>
<tr><td colspan='4' align='center'><b>PASSED TESTS</b></td></tr>
<tr><td><b>Test method</b></td>
<td width="30%"><b>Exception</b></td>
<td width="10%"><b>Time (seconds)</b></td>
<td><b>Instance</b></td>
</tr>
<tr>
<td title='com.Test.DashBoardTest.CheckTotalCourses()'><b>CheckTotalCourses</b><br>Test class: com.Test.DashBoardTest</td>
<td></td>
<td>0</td>
<td>com.Test.DashBoardTest@7ae0a9ec</td></tr>
<tr>
<td title='com.Test.AddUserTest.CheckURL()'><b>CheckURL</b><br>Test class: com.Test.AddUserTest</td>
<td></td>
<td>0</td>
<td>com.Test.AddUserTest@1972e513</td></tr>
<tr>
<td title='com.Test.DownloadsPageTest.Verify32bitusers()'><b>Verify32bitusers</b><br>Test class: com.Test.DownloadsPageTest</td>
<td></td>
<td>0</td>
<td>com.Test.DownloadsPageTest@35841320</td></tr>
<tr>
<td title='com.Test.LoginTest.CheckHeading()'><b>CheckHeading</b><br>Test class: com.Test.LoginTest</td>
<td></td>
<td>0</td>
<td>com.Test.LoginTest@18271936</td></tr>
<tr>
<td title='com.Test.DashBoardTest.checkOperatorsLinkMenu()'><b>checkOperatorsLinkMenu</b><br>Test class: com.Test.DashBoardTest</td>
<td></td>
<td>0</td>
<td>com.Test.DashBoardTest@7ae0a9ec</td></tr>
<tr>
<td title='com.Test.LoginTest.test10()'><b>test10</b><br>Test class: com.Test.LoginTest</td>
<td></td>
<td>1</td>
<td>com.Test.LoginTest@18271936</td></tr>
<tr>
<td title='com.Test.AddUserTest.VerifySideBar()'><b>VerifySideBar</b><br>Test class: com.Test.AddUserTest</td>
<td></td>
<td>0</td>
<td>com.Test.AddUserTest@1972e513</td></tr>
<tr>
<td title='com.Test.DashBoardTest.CheckTotalinnerBox()'><b>CheckTotalinnerBox</b><br>Test class: com.Test.DashBoardTest</td>
<td></td>
<td>0</td>
<td>com.Test.DashBoardTest@7ae0a9ec</td></tr>
<tr>
<td title='com.Test.AddUserTest.validateTitleAfterClickOnCancle()'><b>validateTitleAfterClickOnCancle</b><br>Test class: com.Test.AddUserTest</td>
<td></td>
<td>0</td>
<td>com.Test.AddUserTest@1972e513</td></tr>
<tr>
<td title='com.Test.UserTest.CorrectStateSelected()'><b>CorrectStateSelected</b><br>Test class: com.Test.UserTest</td>
<td></td>
<td>0</td>
<td>com.Test.UserTest@6f10d5b6</td></tr>
<tr>
<td title='com.Test.LoginTest.mailError()'><b>mailError</b><br>Test class: com.Test.LoginTest</td>
<td></td>
<td>0</td>
<td>com.Test.LoginTest@18271936</td></tr>
<tr>
<td title='com.Test.UserTest.CheckColumnTitle()'><b>CheckColumnTitle</b><br>Test class: com.Test.UserTest</td>
<td></td>
<td>0</td>
<td>com.Test.UserTest@6f10d5b6</td></tr>
<tr>
<td title='com.Test.LoginTest.Checkmailbox()'><b>Checkmailbox</b><br>Test class: com.Test.LoginTest</td>
<td></td>
<td>0</td>
<td>com.Test.LoginTest@18271936</td></tr>
<tr>
<td title='com.Test.RegistrationPageTest.FillRegistrationForm()'><b>FillRegistrationForm</b><br>Test class: com.Test.RegistrationPageTest</td>
<td></td>
<td>0</td>
<td>com.Test.RegistrationPageTest@61c4eee0</td></tr>
<tr>
<td title='com.Test.DashBoardTest.WindowHandeling()'><b>WindowHandeling</b><br>Test class: com.Test.DashBoardTest</td>
<td></td>
<td>11</td>
<td>com.Test.DashBoardTest@7ae0a9ec</td></tr>
<tr>
<td title='com.Test.LoginTest.checkRegistrationLink()'><b>checkRegistrationLink</b><br>Test class: com.Test.LoginTest</td>
<td></td>
<td>0</td>
<td>com.Test.LoginTest@18271936</td></tr>
<tr>
<td title='com.Test.UserTest.clickAddUserPage()'><b>clickAddUserPage</b><br>Test class: com.Test.UserTest</td>
<td></td>
<td>0</td>
<td>com.Test.UserTest@6f10d5b6</td></tr>
<tr>
<td title='com.Test.DashBoardTest.checkLogoutLinkMenu()'><b>checkLogoutLinkMenu</b><br>Test class: com.Test.DashBoardTest</td>
<td></td>
<td>0</td>
<td>com.Test.DashBoardTest@7ae0a9ec</td></tr>
<tr>
<td title='com.Test.DashBoardTest.ValidDashboardPage()'><b>ValidDashboardPage</b><br>Test class: com.Test.DashBoardTest</td>
<td></td>
<td>0</td>
<td>com.Test.DashBoardTest@7ae0a9ec</td></tr>
<tr>
<td title='com.Test.DashBoardTest.NoOfIcons()'><b>NoOfIcons</b><br>Test class: com.Test.DashBoardTest</td>
<td></td>
<td>0</td>
<td>com.Test.DashBoardTest@7ae0a9ec</td></tr>
<tr>
<td title='com.Test.LoginTest.Checkblankmail()'><b>Checkblankmail</b><br>Test class: com.Test.LoginTest</td>
<td></td>
<td>0</td>
<td>com.Test.LoginTest@18271936</td></tr>
<tr>
<td title='com.Test.DashBoardTest.checkDownloadsLinkMenu()'><b>checkDownloadsLinkMenu</b><br>Test class: com.Test.DashBoardTest</td>
<td></td>
<td>0</td>
<td>com.Test.DashBoardTest@7ae0a9ec</td></tr>
<tr>
<td title='com.Test.LoginTest.ValidetUrl()'><b>ValidetUrl</b><br>Test class: com.Test.LoginTest</td>
<td></td>
<td>0</td>
<td>com.Test.LoginTest@18271936</td></tr>
<tr>
<td title='com.Test.UserTest.CheckAlertHandle()'><b>CheckAlertHandle</b><br>Test class: com.Test.UserTest</td>
<td></td>
<td>3</td>
<td>com.Test.UserTest@6f10d5b6</td></tr>
<tr>
<td title='com.Test.DashBoardTest.checkUsersLinkMenu()'><b>checkUsersLinkMenu</b><br>Test class: com.Test.DashBoardTest</td>
<td></td>
<td>0</td>
<td>com.Test.DashBoardTest@7ae0a9ec</td></tr>
<tr>
<td title='com.Test.LoginTest.validateImage()'><b>validateImage</b><br>Test class: com.Test.LoginTest</td>
<td></td>
<td>0</td>
<td>com.Test.LoginTest@18271936</td></tr>
<tr>
<td title='com.Test.UserTest.ListTitle()'><b>ListTitle</b><br>Test class: com.Test.UserTest</td>
<td></td>
<td>0</td>
<td>com.Test.UserTest@6f10d5b6</td></tr>
<tr>
<td title='com.Test.AddUserTest.VerifySubmitButton()'><b>VerifySubmitButton</b><br>Test class: com.Test.AddUserTest</td>
<td></td>
<td>0</td>
<td>com.Test.AddUserTest@1972e513</td></tr>
<tr>
<td title='com.Test.UserTest.VerifyHeading()'><b>VerifyHeading</b><br>Test class: com.Test.UserTest</td>
<td></td>
<td>0</td>
<td>com.Test.UserTest@6f10d5b6</td></tr>
<tr>
<td title='com.Test.LoginTest.PasswordError()'><b>PasswordError</b><br>Test class: com.Test.LoginTest</td>
<td></td>
<td>0</td>
<td>com.Test.LoginTest@18271936</td></tr>
<tr>
<td title='com.Test.AddUserTest.VerifyuserpageColumn()'><b>VerifyuserpageColumn</b><br>Test class: com.Test.AddUserTest</td>
<td></td>
<td>0</td>
<td>com.Test.AddUserTest@1972e513</td></tr>
<tr>
<td title='com.Test.RegistrationPageTest.checkAlreadyMembershipLink()'><b>checkAlreadyMembershipLink</b><br>Test class: com.Test.RegistrationPageTest</td>
<td></td>
<td>0</td>
<td>com.Test.RegistrationPageTest@61c4eee0</td></tr>
<tr>
<td title='com.Test.UserTest.VerifyMobileNo()'><b>VerifyMobileNo</b><br>Test class: com.Test.UserTest</td>
<td></td>
<td>0</td>
<td>com.Test.UserTest@6f10d5b6</td></tr>
<tr>
<td title='com.Test.DashBoardTest.TotalMoreInfoLink()'><b>TotalMoreInfoLink</b><br>Test class: com.Test.DashBoardTest</td>
<td></td>
<td>0</td>
<td>com.Test.DashBoardTest@7ae0a9ec</td></tr>
<tr>
<td title='com.Test.AddUserTest.VerifyHeading()'><b>VerifyHeading</b><br>Test class: com.Test.AddUserTest</td>
<td></td>
<td>0</td>
<td>com.Test.AddUserTest@1972e513</td></tr>
</table><p>
</body>
</html>